This is pTeX, Version 3.141592-p3.1.10 (euc) (Web2C 7.5.4) (format=platex 2008.3.17)  10 NOV 2008 10:27
**free-decay.tex
(./free-decay.tex
pLaTeX2e <2006/06/27>+0 (based on LaTeX2e <2003/12/01> patch level 0)
(/usr/share/texmf/ptex/platex/base/jarticle.cls
Document Class: jarticle 2006/06/27 v1.5 Standard pLaTeX class
\c@@paper=\count81
(/usr/share/texmf/ptex/platex/base/jsize12.clo
File: jsize12.clo 2006/06/27 v1.5 Standard pLaTeX file (size option)
)
\c@part=\count82
\c@section=\count83
\c@subsection=\count84
\c@subsubsection=\count85
\c@paragraph=\count86
\c@subparagraph=\count87
\c@figure=\count88
\c@table=\count89
\abovecaptionskip=\skip41
\belowcaptionskip=\skip42
\symmincho=\mathgroup4
LaTeX Font Info:    Overwriting symbol font `mincho' in version `bold'
(Font)                  JY1/mc/m/n --> JY1/gt/m/n on input line 601.
\toclineskip=\dimen118
\@lnumwidth=\dimen119
\bibindent=\dimen120
\heisei=\count90
)
(/usr/share/texmf/tex/generic/dennou-sty-6/Dennou6.sty
Package: Dennou6 2001/04/03 地球流体電脳倶楽部 LaTeX2e 用マクロ集 var.6

(/usr/share/texmf/tex/generic/dennou-sty-6/D6style.sty
\Dheadrulewidth=\dimen121
\Dfootrulewidth=\dimen122
\Dheadwidth=\dimen123
)
(/usr/share/texmf/tex/generic/dennou-sty-6/D6misc.sty
\D@parindent=\skip43
\D@year=\count91
)
(/usr/share/texmf/tex/generic/dennou-sty-6/D6version.sty)
(/usr/share/texmf/tex/generic/dennou-sty-6/D6math.sty)
(/usr/share/texmf/tex/generic/dennou-sty-6/D6float.sty)
(/usr/share/texmf/tex/generic/dennou-sty-6/D6prog.sty
\c@D@proglineno=\count92
)
(/usr/share/texmf/tex/generic/dennou-sty-6/D6select.sty)
(/usr/share/texmf/tex/generic/dennou-sty-6/D6graphicx.sty
(/usr/share/texmf-tetex/tex/latex/graphics/graphicx.sty
Package: graphicx 1999/02/16 v1.0f Enhanced LaTeX Graphics (DPC,SPQR)

(/usr/share/texmf-tetex/tex/latex/graphics/keyval.sty
Package: keyval 1999/03/16 v1.13 key=value parser (DPC)
\KV@toks@=\toks15
)
(/usr/share/texmf-tetex/tex/latex/graphics/graphics.sty
Package: graphics 2001/07/07 v1.0n Standard LaTeX Graphics (DPC,SPQR)

(/usr/share/texmf-tetex/tex/latex/graphics/trig.sty
Package: trig 1999/03/16 v1.09 sin cos tan (DPC)
)
(/usr/share/texmf-tetex/tex/latex/graphics/graphics.cfg
File: graphics.cfg 2005/02/03 v1.3 graphics configuration of teTeX/TeXLive
)
Package graphics Info: Driver file: dvips.def on input line 80.

(/usr/share/texmf-tetex/tex/latex/graphics/dvips.def
File: dvips.def 1999/02/16 v3.0i Driver-dependant file (DPC,SPQR)
))
\Gin@req@height=\dimen124
\Gin@req@width=\dimen125
)))
(/usr/share/texmf-tetex/tex/latex/psfrag/psfrag.sty
Package: psfrag 1998/04/11 v3.04 PSfrag (MCG)
\pfg@pcount=\count93
\pfg@scount=\count94
\pfg@temp=\write3
)
(/usr/share/texmf/ptex/platex/base/ascmac.sty
(/usr/share/texmf/ptex/platex/base/tascmac.sty
\@savetbaselineshift=\dimen126
\@saveybaselineshift=\dimen127
\scb@x=\box41
\scscb@x=\box42
\@bw=\dimen128
\@nbox=\box43
\@nbody=\box44
\@scw=\dimen129
\@itemh=\dimen130
\@iboxpos=\toks16
\@iboxstr=\box45
\@bwsp=\box46
\@@bwsp=\box47
\@bcal=\count95
\shaderule=\dimen131
))
(/usr/share/texmf-tetex/tex/latex/psnfss/times.sty
Package: times 2004/09/15 PSNFSS-v9.2 (SPQR) 
) (./free-decay.aux)
\openout1 = `free-decay.aux'.

LaTeX Font Info:    Checking defaults for OML/cmm/m/it on input line 19.
LaTeX Font Info:    ... okay on input line 19.
LaTeX Font Info:    Checking defaults for T1/cmr/m/n on input line 19.
LaTeX Font Info:    ... okay on input line 19.
LaTeX Font Info:    Checking defaults for OT1/cmr/m/n on input line 19.
LaTeX Font Info:    ... okay on input line 19.
LaTeX Font Info:    Checking defaults for OMS/cmsy/m/n on input line 19.
LaTeX Font Info:    ... okay on input line 19.
LaTeX Font Info:    Checking defaults for OMX/cmex/m/n on input line 19.
LaTeX Font Info:    ... okay on input line 19.
LaTeX Font Info:    Checking defaults for U/cmr/m/n on input line 19.
LaTeX Font Info:    ... okay on input line 19.
LaTeX Font Info:    Checking defaults for JY1/mc/m/n on input line 19.
LaTeX Font Info:    ... okay on input line 19.
LaTeX Font Info:    Checking defaults for JT1/mc/m/n on input line 19.
LaTeX Font Info:    ... okay on input line 19.

(I search kanjifont definition file: . . ) (I search font definition file: . .
. . . . . )
LaTeX Font Info:    Try loading font information for OT1+ptm on input line 19.
 (/usr/share/texmf-tetex/tex/latex/psnfss/ot1ptm.fd
File: ot1ptm.fd 2001/06/04 font definitions for OT1/ptm.
)
LaTeX Font Info:    Font shape `JT1/mc/bx/n' in size <24.88> not available
(Font)              Font shape `JT1/gt/m/n' tried instead on input line 21.
LaTeX Font Info:    Font shape `JY1/mc/bx/n' in size <24.88> not available
(Font)              Font shape `JY1/gt/m/n' tried instead on input line 21.
LaTeX Font Info:    Font shape `OT1/ptm/bx/n' in size <24.88> not available
(Font)              Font shape `OT1/ptm/b/n' tried instead on input line 21.
LaTeX Font Info:    External font `cmex10' loaded for size
(Font)              <14.4> on input line 21.
LaTeX Font Info:    External font `cmex10' loaded for size
(Font)              <7> on input line 21.
LaTeX Font Info:    Font shape `JT1/mc/bx/n' in size <17.28> not available
(Font)              Font shape `JT1/gt/m/n' tried instead on input line 21.
LaTeX Font Info:    Font shape `JY1/mc/bx/n' in size <17.28> not available
(Font)              Font shape `JY1/gt/m/n' tried instead on input line 21.
LaTeX Font Info:    Font shape `OT1/ptm/bx/n' in size <17.28> not available
(Font)              Font shape `OT1/ptm/b/n' tried instead on input line 21.
LaTeX Font Info:    Font shape `JT1/mc/bx/n' in size <20.74> not available
(Font)              Font shape `JT1/gt/m/n' tried instead on input line 21.
LaTeX Font Info:    Font shape `JY1/mc/bx/n' in size <20.74> not available
(Font)              Font shape `JY1/gt/m/n' tried instead on input line 21.
LaTeX Font Info:    Font shape `OT1/ptm/bx/n' in size <20.74> not available
(Font)              Font shape `OT1/ptm/b/n' tried instead on input line 21.
LaTeX Font Info:    Try loading font information for OMS+ptm on input line 36.

(/usr/share/texmf-tetex/tex/latex/psnfss/omsptm.fd
File: omsptm.fd 
)
LaTeX Font Info:    Font shape `OMS/ptm/m/n' in size <12> not available
(Font)              Font shape `OMS/cmsy/m/n' tried instead on input line 36.
LaTeX Font Info:    External font `cmex10' loaded for size
(Font)              <12> on input line 49.
LaTeX Font Info:    External font `cmex10' loaded for size
(Font)              <8> on input line 49.
LaTeX Font Info:    External font `cmex10' loaded for size
(Font)              <6> on input line 49.
LaTeX Font Info:    External font `cmex10' loaded for size
(Font)              <5> on input line 52.
LaTeX Font Info:    Font shape `JT1/mc/bx/n' in size <12> not available
(Font)              Font shape `JT1/gt/m/n' tried instead on input line 69.
LaTeX Font Info:    Font shape `JY1/mc/bx/n' in size <12> not available
(Font)              Font shape `JY1/gt/m/n' tried instead on input line 69.
LaTeX Font Info:    Font shape `OT1/ptm/bx/n' in size <12> not available
(Font)              Font shape `OT1/ptm/b/n' tried instead on input line 69.
 [1

] [2]
LaTeX Font Info:    Font shape `JT1/mc/bx/n' in size <14.4> not available
(Font)              Font shape `JT1/gt/m/n' tried instead on input line 162.
LaTeX Font Info:    Font shape `JY1/mc/bx/n' in size <14.4> not available
(Font)              Font shape `JY1/gt/m/n' tried instead on input line 162.
LaTeX Font Info:    Font shape `OT1/ptm/bx/n' in size <14.4> not available
(Font)              Font shape `OT1/ptm/b/n' tried instead on input line 162.
 [3] [4]
Overfull \hbox (83.16296pt too wide) in alignment at lines 266--278
 [][][] []
 []

[5] [6]
Overfull \hbox (19.65057pt too wide) in alignment at lines 432--451
 [][][] []
 []


Overfull \hbox (4.91228pt too wide) in alignment at lines 466--476
 [][][] []
 []

[7]
Overfull \hbox (51.09135pt too wide) in alignment at lines 527--627
 [][][] []
 []

[8]
Overfull \hbox (85.41019pt too wide) in alignment at lines 630--750
 [][][] []
 []

[9] [10]
Overfull \hbox (1.41837pt too wide) in paragraph at lines 789--792
[]\OT1/ptm/m/n/12 http://www.gfd-dennou.org/arch/spmodel/3d-shell-wt/navier-sto
kes/teishiki/pub/. 
 []


LaTeX Font Warning: Font shape `JT1/gt/m/it' undefined
(Font)              using `JT1/gt/m/n' instead on input line 793.


LaTeX Font Warning: Font shape `JY1/gt/m/it' undefined
(Font)              using `JY1/gt/m/n' instead on input line 793.

[11] (./free-decay.aux)

LaTeX Font Warning: Some font shapes were not available, defaults substituted.

 ) 
Here is how much of TeX's memory you used:
 1115 strings out of 95544
 13503 string characters out of 1191266
 87218 words of memory out of 1000000
 4240 multiletter control sequences out of 10000+50000
 28970 words of font info for 97 fonts, out of 500000 for 2000
 14 hyphenation exceptions out of 8191
 39i,11n,25p,230b,385s stack positions out of 1500i,500n,5000p,200000b,5000s

Output written on free-decay.dvi (11 pages, 58584 bytes).
